<?xml version="1.0" encoding="UTF-8"?>
<coverage generated="1771199920260" clover="3.2.0">
  <project timestamp="1771199920260" name="All files">
    <metrics statements="9" coveredstatements="9" conditionals="14" coveredconditionals="13" methods="7" coveredmethods="7" elements="30" coveredelements="29" complexity="0" loc="9" ncloc="9" packages="1" files="1" classes="1"/>
    <file name="galleryLogic.js" path="C:\Users\Lukka\Bildgalleriet\Bildgalleriet\galleryLogic.js">
      <metrics statements="9" coveredstatements="9" conditionals="14" coveredconditionals="13" methods="7" coveredmethods="7"/>
      <line num="2" count="2" type="cond" truecount="2" falsecount="0"/>
      <line num="3" count="3" type="stmt"/>
      <line num="7" count="3" type="stmt"/>
      <line num="8" count="3" type="cond" truecount="1" falsecount="1"/>
      <line num="9" count="3" type="stmt"/>
      <line num="10" count="13" type="cond" truecount="2" falsecount="0"/>
      <line num="16" count="2" type="cond" truecount="2" falsecount="0"/>
      <line num="17" count="1" type="stmt"/>
      <line num="18" count="2" type="cond" truecount="6" falsecount="0"/>
    </file>
  </project>
</coverage>
