{"C:\\Users\\Lukka\\Bildgalleriet\\Bildgalleriet\\galleryLogic.js": {"path":"C:\\Users\\Lukka\\Bildgalleriet\\Bildgalleriet\\galleryLogic.js","statementMap":{"0":{"start":{"line":2,"column":2},"end":{"line":2,"column":40}},"1":{"start":{"line":2,"column":26},"end":{"line":2,"column":40}},"2":{"start":{"line":3,"column":2},"end":{"line":3,"column":57}},"3":{"start":{"line":3,"column":30},"end":{"line":3,"column":55}},"4":{"start":{"line":7,"column":15},"end":{"line":7,"column":46}},"5":{"start":{"line":8,"column":2},"end":{"line":8,"column":27}},"6":{"start":{"line":8,"column":13},"end":{"line":8,"column":27}},"7":{"start":{"line":9,"column":2},"end":{"line":12,"column":4}},"8":{"start":{"line":10,"column":4},"end":{"line":11,"column":42}},"9":{"start":{"line":10,"column":25},"end":{"line":10,"column":57}},"10":{"start":{"line":16,"column":2},"end":{"line":16,"column":38}},"11":{"start":{"line":16,"column":28},"end":{"line":16,"column":38}},"12":{"start":{"line":17,"column":2},"end":{"line":24,"column":4}},"13":{"start":{"line":18,"column":4},"end":{"line":23,"column":27}}},"fnMap":{"0":{"name":"filterByCategory","decl":{"start":{"line":1,"column":16},"end":{"line":1,"column":32}},"loc":{"start":{"line":1,"column":51},"end":{"line":4,"column":1}},"line":1},"1":{"name":"(anonymous_1)","decl":{"start":{"line":3,"column":23},"end":{"line":3,"column":24}},"loc":{"start":{"line":3,"column":30},"end":{"line":3,"column":55}},"line":3},"2":{"name":"filterBySearch","decl":{"start":{"line":6,"column":16},"end":{"line":6,"column":30}},"loc":{"start":{"line":6,"column":51},"end":{"line":13,"column":1}},"line":6},"3":{"name":"(anonymous_3)","decl":{"start":{"line":9,"column":23},"end":{"line":9,"column":24}},"loc":{"start":{"line":10,"column":4},"end":{"line":11,"column":42}},"line":10},"4":{"name":"(anonymous_4)","decl":{"start":{"line":10,"column":18},"end":{"line":10,"column":19}},"loc":{"start":{"line":10,"column":25},"end":{"line":10,"column":57}},"line":10},"5":{"name":"parseImageData","decl":{"start":{"line":15,"column":16},"end":{"line":15,"column":30}},"loc":{"start":{"line":15,"column":37},"end":{"line":25,"column":1}},"line":15},"6":{"name":"(anonymous_6)","decl":{"start":{"line":17,"column":21},"end":{"line":17,"column":22}},"loc":{"start":{"line":18,"column":4},"end":{"line":23,"column":27}},"line":18}},"branchMap":{"0":{"loc":{"start":{"line":2,"column":2},"end":{"line":2,"column":40}},"type":"if","locations":[{"start":{"line":2,"column":2},"end":{"line":2,"column":40}},{"start":{},"end":{}}],"line":2},"1":{"loc":{"start":{"line":8,"column":2},"end":{"line":8,"column":27}},"type":"if","locations":[{"start":{"line":8,"column":2},"end":{"line":8,"column":27}},{"start":{},"end":{}}],"line":8},"2":{"loc":{"start":{"line":10,"column":4},"end":{"line":11,"column":42}},"type":"binary-expr","locations":[{"start":{"line":10,"column":4},"end":{"line":10,"column":58}},{"start":{"line":11,"column":4},"end":{"line":11,"column":42}}],"line":10},"3":{"loc":{"start":{"line":16,"column":2},"end":{"line":16,"column":38}},"type":"if","locations":[{"start":{"line":16,"column":2},"end":{"line":16,"column":38}},{"start":{},"end":{}}],"line":16},"4":{"loc":{"start":{"line":18,"column":4},"end":{"line":23,"column":27}},"type":"binary-expr","locations":[{"start":{"line":18,"column":4},"end":{"line":18,"column":10}},{"start":{"line":19,"column":4},"end":{"line":19,"column":16}},{"start":{"line":20,"column":4},"end":{"line":20,"column":13}},{"start":{"line":21,"column":4},"end":{"line":21,"column":17}},{"start":{"line":22,"column":4},"end":{"line":22,"column":12}},{"start":{"line":23,"column":4},"end":{"line":23,"column":27}}],"line":18}},"s":{"0":2,"1":1,"2":1,"3":3,"4":3,"5":3,"6":0,"7":3,"8":9,"9":13,"10":2,"11":1,"12":1,"13":2},"f":{"0":2,"1":3,"2":3,"3":9,"4":13,"5":2,"6":2},"b":{"0":[1,1],"1":[0,3],"2":[9,6],"3":[1,1],"4":[2,2,2,1,1,1]},"_coverageSchema":"1a1c01bbd47fc00a2c39e90264f33305004495a9","hash":"df8774c8e6dc987e51c16bbcfb4a72e03c0f37d6"}
}
