TN:
SF:galleryLogic.js
FN:1,filterByCategory
FN:3,(anonymous_1)
FN:6,filterBySearch
FN:9,(anonymous_3)
FN:10,(anonymous_4)
FN:15,parseImageData
FN:17,(anonymous_6)
FNF:7
FNH:7
FNDA:2,filterByCategory
FNDA:3,(anonymous_1)
FNDA:3,filterBySearch
FNDA:9,(anonymous_3)
FNDA:13,(anonymous_4)
FNDA:2,parseImageData
FNDA:2,(anonymous_6)
DA:2,2
DA:3,3
DA:7,3
DA:8,3
DA:9,3
DA:10,13
DA:16,2
DA:17,1
DA:18,2
LF:9
LH:9
BRDA:2,0,0,1
BRDA:2,0,1,1
BRDA:8,1,0,0
BRDA:8,1,1,3
BRDA:10,2,0,9
BRDA:10,2,1,6
BRDA:16,3,0,1
BRDA:16,3,1,1
BRDA:18,4,0,2
BRDA:18,4,1,2
BRDA:18,4,2,2
BRDA:18,4,3,1
BRDA:18,4,4,1
BRDA:18,4,5,1
BRF:14
BRH:13
end_of_record
